2025-11-12 11:05:00,944 [INFO] Activator:176 - 


2025-11-12 11:05:00,953 [INFO] Activator:177 - !SESSION log4j initialized
2025-11-12 11:05:08,649 [INFO] LogOutputStream:77 - [STDOUT_REDIRECT] 
2025-11-12 11:05:10,909 [INFO] ApplicationProperties:184 - Using Application install path: C:\appz\ST\STM32CubeIDE_1.10.1\STM32CubeIDE\plugins\com.st.stm32cube.common.mx_6.15.0.202507011659
2025-11-12 11:05:10,931 [INFO] DbMcusXml:78 - Set database path to: C:\appz\ST\STM32CubeIDE_1.10.1\STM32CubeIDE\plugins\com.st.stm32cube.common.mx_6.15.0.202507011659\\db\/mcu/
2025-11-12 11:05:10,931 [INFO] ApiDb:274 - Set plugin database path to: C:\appz\ST\STM32CubeIDE_1.10.1\STM32CubeIDE\plugins\com.st.stm32cube.common.mx_6.15.0.202507011659\\db\/plugins/boardmanager/
2025-11-12 11:05:10,932 [WARN] ApiDb:259 - Overriding images path with different value:  => C:\appz\ST\STM32CubeIDE_1.10.1\STM32CubeIDE\plugins\com.st.stm32cube.common.mx_6.15.0.202507011659\\db\/plugins/mcufinder/images/
2025-11-12 11:05:10,943 [INFO] ApiDb:250 - Set database path to: C:\Users\xondre13\.stmcufinder\plugins\mcufinder//mcu/
2025-11-12 11:05:10,945 [INFO] DbMcusAds:125 - Set database path to: C:\Users\xondre13\.stmcufinder\plugins\mcufinder//mcu/
2025-11-12 11:05:10,948 [INFO] CrossReferenceDbSqlite:203 - Set database path to: C:\Users\xondre13\.stmcufinder\plugins\mcufinder//mcu/cs/
2025-11-12 11:05:11,099 [INFO] RulesReader:64 - Compatibility file has been processed (317 Rules)
2025-11-12 11:05:11,204 [INFO] DbMcusXml:78 - Set database path to: C:\appz\ST\STM32CubeIDE_1.10.1\STM32CubeIDE\plugins\com.st.stm32cube.common.mx_6.15.0.202507011659\\db\/mcu/
2025-11-12 11:05:11,204 [INFO] ApiDb:274 - Set plugin database path to: C:\appz\ST\STM32CubeIDE_1.10.1\STM32CubeIDE\plugins\com.st.stm32cube.common.mx_6.15.0.202507011659\\db\/plugins/boardmanager/
2025-11-12 11:05:11,204 [INFO] ApiDb:261 - Set plugin images path to: C:\appz\ST\STM32CubeIDE_1.10.1\STM32CubeIDE\plugins\com.st.stm32cube.common.mx_6.15.0.202507011659\\db\/plugins/mcufinder/images/
2025-11-12 11:05:11,204 [WARN] DbFile:41 - Overriding database path with different value: C:\Users\xondre13\.stmcufinder\plugins\mcufinder/ => C:\Users\xondre13\.stmcufinder\plugins\mcufinder
2025-11-12 11:05:11,204 [INFO] ApiDb:250 - Set database path to: C:\Users\xondre13\.stmcufinder\plugins\mcufinder//mcu/
2025-11-12 11:05:11,205 [WARN] DbFile:41 - Overriding database path with different value: C:\Users\xondre13\.stmcufinder\plugins\mcufinder/ => C:\Users\xondre13\.stmcufinder\plugins\mcufinder
2025-11-12 11:05:11,205 [INFO] DbMcusAds:125 - Set database path to: C:\Users\xondre13\.stmcufinder\plugins\mcufinder//mcu/
2025-11-12 11:05:11,205 [WARN] DbFile:41 - Overriding database path with different value: C:\Users\xondre13\.stmcufinder\plugins\mcufinder/ => C:\Users\xondre13\.stmcufinder\plugins\mcufinder
2025-11-12 11:05:11,205 [WARN] DbFile:41 - Overriding database path with different value: C:\Users\xondre13\.stmcufinder\plugins\mcufinder/ => C:\Users\xondre13\.stmcufinder\plugins\mcufinder
2025-11-12 11:05:11,205 [INFO] CrossReferenceDbSqlite:203 - Set database path to: C:\Users\xondre13\.stmcufinder\plugins\mcufinder//mcu/cs/
2025-11-12 11:05:11,330 [INFO] MainPanel:274 - HeapMemory: 268435456
2025-11-12 11:05:11,460 [INFO] DbMcusXml:78 - Set database path to: C:\appz\ST\STM32CubeIDE_1.10.1\STM32CubeIDE\plugins\com.st.stm32cube.common.mx_6.15.0.202507011659\\db\/mcu/
2025-11-12 11:05:11,461 [INFO] ApiDb:274 - Set plugin database path to: C:\appz\ST\STM32CubeIDE_1.10.1\STM32CubeIDE\plugins\com.st.stm32cube.common.mx_6.15.0.202507011659\\db\/plugins/boardmanager/
2025-11-12 11:05:11,461 [INFO] ApiDb:261 - Set plugin images path to: C:\appz\ST\STM32CubeIDE_1.10.1\STM32CubeIDE\plugins\com.st.stm32cube.common.mx_6.15.0.202507011659\\db\/plugins/mcufinder/images/
2025-11-12 11:05:11,461 [WARN] DbFile:41 - Overriding database path with different value: C:\Users\xondre13\.stmcufinder\plugins\mcufinder/ => C:\Users\xondre13\.stmcufinder\plugins\mcufinder
2025-11-12 11:05:11,461 [INFO] ApiDb:250 - Set database path to: C:\Users\xondre13\.stmcufinder\plugins\mcufinder//mcu/
2025-11-12 11:05:11,461 [WARN] DbFile:41 - Overriding database path with different value: C:\Users\xondre13\.stmcufinder\plugins\mcufinder/ => C:\Users\xondre13\.stmcufinder\plugins\mcufinder
2025-11-12 11:05:11,461 [INFO] DbMcusAds:125 - Set database path to: C:\Users\xondre13\.stmcufinder\plugins\mcufinder//mcu/
2025-11-12 11:05:11,461 [WARN] DbFile:41 - Overriding database path with different value: C:\Users\xondre13\.stmcufinder\plugins\mcufinder/ => C:\Users\xondre13\.stmcufinder\plugins\mcufinder
2025-11-12 11:05:11,461 [WARN] DbFile:41 - Overriding database path with different value: C:\Users\xondre13\.stmcufinder\plugins\mcufinder/ => C:\Users\xondre13\.stmcufinder\plugins\mcufinder
2025-11-12 11:05:11,461 [INFO] CrossReferenceDbSqlite:203 - Set database path to: C:\Users\xondre13\.stmcufinder\plugins\mcufinder//mcu/cs/
2025-11-12 11:05:11,483 [INFO] ApplicationProperties:184 - Using Application install path: C:\appz\ST\STM32CubeIDE_1.10.1\STM32CubeIDE\plugins\com.st.stm32cube.common.mx_6.15.0.202507011659
2025-11-12 11:05:11,485 [INFO] PluginManage:196 - Search for loadable plugins [exclusion list=, ]
2025-11-12 11:05:11,486 [INFO] PluginManage:310 - Check plugin analytics
2025-11-12 11:05:11,717 [INFO] AnalyticsPlugin:253 - Accepted Software Licenses: 
2025-11-12 11:05:11,717 [INFO] AnalyticsPlugin:255 - Accepted CMSIS Pack Licenses: 
2025-11-12 11:05:11,717 [INFO] AnalyticsPlugin:257 - Accepted Firmware Licenses: 
2025-11-12 11:05:11,720 [INFO] PluginManage:359 - Loaded plugin analytics (category:tool,tabindex:-1)
2025-11-12 11:05:11,720 [INFO] PluginManage:310 - Check plugin cadmodel
2025-11-12 11:05:11,732 [INFO] CADModel:105 - Init CAD model plugin
2025-11-12 11:05:11,732 [INFO] PluginManage:359 - Loaded plugin cadmodel (category:power,tabindex:5)
2025-11-12 11:05:11,732 [INFO] PluginManage:310 - Check plugin clock
2025-11-12 11:05:11,747 [INFO] PluginManage:359 - Loaded plugin clock (category:base,tabindex:2)
2025-11-12 11:05:11,747 [INFO] PluginManage:310 - Check plugin ddr
2025-11-12 11:05:11,750 [INFO] PluginManage:359 - Loaded plugin ddr (category:tool,tabindex:6)
2025-11-12 11:05:11,750 [INFO] PluginManage:310 - Check plugin filemanager
2025-11-12 11:05:11,950 [INFO] PluginManage:359 - Loaded plugin filemanager (category:base,tabindex:10)
2025-11-12 11:05:11,951 [INFO] PluginManage:310 - Check plugin ipmanager
2025-11-12 11:05:11,960 [INFO] PluginManage:359 - Loaded plugin ipmanager (category:base,tabindex:5)
2025-11-12 11:05:11,960 [INFO] PluginManage:310 - Check plugin lpbam
2025-11-12 11:05:11,972 [INFO] PluginManage:359 - Loaded plugin lpbam (category:base,tabindex:0)
2025-11-12 11:05:11,972 [INFO] PluginManage:310 - Check plugin memorymap
2025-11-12 11:05:11,995 [INFO] PluginManage:359 - Loaded plugin memorymap (category:base,tabindex:4)
2025-11-12 11:05:11,995 [INFO] PluginManage:310 - Check plugin pinoutandconfiguration
2025-11-12 11:05:12,007 [INFO] PluginManage:359 - Loaded plugin pinoutandconfiguration (category:base,tabindex:1)
2025-11-12 11:05:12,008 [INFO] PluginManage:310 - Check plugin pinoutconfig
2025-11-12 11:05:12,127 [WARN] SupportedApi:132 - Cannot load RTOS API schema: s4s-elt-must-match.1: The content of 'definitions' must match (annotation?, (simpleType | complexType)?, (unique | key | keyref)*)). A problem was found starting at: attribute.
2025-11-12 11:05:12,303 [INFO] PluginManage:359 - Loaded plugin pinoutconfig (category:base,tabindex:0)
2025-11-12 11:05:12,303 [INFO] PluginManage:310 - Check plugin power
2025-11-12 11:05:12,317 [INFO] PluginManage:359 - Loaded plugin power (category:power,tabindex:4)
2025-11-12 11:05:12,317 [INFO] PluginManage:310 - Check plugin projectmanager
2025-11-12 11:05:12,337 [INFO] PluginManage:359 - Loaded plugin projectmanager (category:projectmanager,tabindex:4)
2025-11-12 11:05:12,338 [INFO] PluginManage:310 - Check plugin rif
2025-11-12 11:05:12,351 [INFO] PluginManage:359 - Loaded plugin rif (category:base,tabindex:3)
2025-11-12 11:05:12,351 [INFO] PluginManage:310 - Check plugin thirdparty
2025-11-12 11:05:12,547 [INFO] PluginManage:359 - Loaded plugin thirdparty (category:base,tabindex:-1)
2025-11-12 11:05:12,547 [INFO] PluginManage:310 - Check plugin tools
2025-11-12 11:05:12,548 [WARN] IntegrityCheckThread:84 - waiting for thirdparty lock release [integrity check]
2025-11-12 11:05:12,549 [INFO] IntegrityCheckThread:86 - entering critical section [integrity check]
2025-11-12 11:05:12,549 [INFO] ThirdPartyUpdaterWithRetryManager:70 - Updater plugin not ready yet. [1/15]
2025-11-12 11:05:12,552 [INFO] PluginManage:359 - Loaded plugin tools (category:base,tabindex:7)
2025-11-12 11:05:12,553 [INFO] PluginManage:310 - Check plugin tutovideos
2025-11-12 11:05:12,812 [INFO] PluginManage:359 - Loaded plugin tutovideos (category:base,tabindex:-1)
2025-11-12 11:05:12,812 [INFO] PluginManage:310 - Check plugin updater
2025-11-12 11:05:12,838 [INFO] PluginManage:359 - Loaded plugin updater (category:base,tabindex:12)
2025-11-12 11:05:12,838 [INFO] PluginManage:310 - Check plugin userauth
2025-11-12 11:05:12,844 [INFO] UserAuth:118 - Init User Auth plugin
2025-11-12 11:05:12,845 [INFO] PluginManage:359 - Loaded plugin userauth (category:base,tabindex:14)
2025-11-12 11:05:12,845 [INFO] PluginManage:283 - PluginManage : Loaded plugins [18]
2025-11-12 11:05:13,129 [INFO] PinOutPanel:1589 - setPackage(No Configuration,No Configuration)
2025-11-12 11:05:13,248 [INFO] CADModel:165 - CPN selected for project level
2025-11-12 11:05:13,248 [INFO] CADModel:114 - Register for checkConnection events
2025-11-12 11:05:13,276 [INFO] IPUIPlugin:80 - create IPUIPlugin
2025-11-12 11:05:13,277 [INFO] PluginManager:220 - loadIPPluginJar : add adc
2025-11-12 11:05:13,281 [INFO] IPUIPlugin:80 - create IPUIPlugin
2025-11-12 11:05:13,282 [INFO] PluginManager:220 - loadIPPluginJar : add aes
2025-11-12 11:05:13,287 [INFO] IPUIPlugin:80 - create IPUIPlugin
2025-11-12 11:05:13,287 [INFO] PluginManager:220 - loadIPPluginJar : add can
2025-11-12 11:05:13,291 [INFO] IPUIPlugin:80 - create IPUIPlugin
2025-11-12 11:05:13,292 [INFO] PluginManager:220 - loadIPPluginJar : add comp
2025-11-12 11:05:13,296 [INFO] IPUIPlugin:80 - create IPUIPlugin
2025-11-12 11:05:13,296 [INFO] PluginManager:220 - loadIPPluginJar : add cryp
2025-11-12 11:05:13,302 [INFO] IPUIPlugin:80 - create IPUIPlugin
2025-11-12 11:05:13,302 [INFO] PluginManager:220 - loadIPPluginJar : add ddr_ctrl_phy
2025-11-12 11:05:13,307 [INFO] IPUIPlugin:80 - create IPUIPlugin
2025-11-12 11:05:13,307 [INFO] PluginManager:220 - loadIPPluginJar : add dfsdm
2025-11-12 11:05:13,315 [INFO] IPUIPlugin:80 - create IPUIPlugin
2025-11-12 11:05:13,316 [INFO] PluginManager:220 - loadIPPluginJar : add dma
2025-11-12 11:05:13,320 [INFO] IPUIPlugin:80 - create IPUIPlugin
2025-11-12 11:05:13,321 [INFO] PluginManager:220 - loadIPPluginJar : add dma3
2025-11-12 11:05:13,326 [INFO] IPUIPlugin:80 - create IPUIPlugin
2025-11-12 11:05:13,326 [INFO] PluginManager:220 - loadIPPluginJar : add extmemmanager
2025-11-12 11:05:13,330 [INFO] IPUIPlugin:80 - create IPUIPlugin
2025-11-12 11:05:13,330 [INFO] PluginManager:220 - loadIPPluginJar : add fatfs
2025-11-12 11:05:13,337 [INFO] IPUIPlugin:80 - create IPUIPlugin
2025-11-12 11:05:13,337 [INFO] PluginManager:220 - loadIPPluginJar : add fmc
2025-11-12 11:05:13,347 [INFO] IPUIPlugin:80 - create IPUIPlugin
2025-11-12 11:05:13,347 [INFO] PluginManager:220 - loadIPPluginJar : add freertos
2025-11-12 11:05:13,350 [INFO] IPUIPlugin:80 - create IPUIPlugin
2025-11-12 11:05:13,350 [INFO] PluginManager:220 - loadIPPluginJar : add genericplugin
2025-11-12 11:05:13,356 [INFO] IPUIPlugin:80 - create IPUIPlugin
2025-11-12 11:05:13,356 [INFO] PluginManager:220 - loadIPPluginJar : add gfxmmu
2025-11-12 11:05:13,364 [INFO] IPUIPlugin:80 - create IPUIPlugin
2025-11-12 11:05:13,364 [INFO] PluginManager:220 - loadIPPluginJar : add gic
2025-11-12 11:05:13,371 [INFO] IPUIPlugin:80 - create IPUIPlugin
2025-11-12 11:05:13,371 [INFO] PluginManager:220 - loadIPPluginJar : add gpio
2025-11-12 11:05:13,376 [INFO] IPUIPlugin:80 - create IPUIPlugin
2025-11-12 11:05:13,377 [INFO] PluginManager:220 - loadIPPluginJar : add gtzc
2025-11-12 11:05:13,382 [INFO] IPUIPlugin:80 - create IPUIPlugin
2025-11-12 11:05:13,382 [INFO] PluginManager:220 - loadIPPluginJar : add hash
2025-11-12 11:05:13,387 [INFO] IPUIPlugin:80 - create IPUIPlugin
2025-11-12 11:05:13,387 [INFO] PluginManager:220 - loadIPPluginJar : add i2c
2025-11-12 11:05:13,392 [INFO] IPUIPlugin:80 - create IPUIPlugin
2025-11-12 11:05:13,392 [INFO] PluginManager:220 - loadIPPluginJar : add i2s
2025-11-12 11:05:13,397 [INFO] IPUIPlugin:80 - create IPUIPlugin
2025-11-12 11:05:13,398 [INFO] PluginManager:220 - loadIPPluginJar : add i3c
2025-11-12 11:05:13,403 [INFO] IPUIPlugin:80 - create IPUIPlugin
2025-11-12 11:05:13,403 [INFO] PluginManager:220 - loadIPPluginJar : add ipddr
2025-11-12 11:05:13,414 [INFO] IPUIPlugin:80 - create IPUIPlugin
2025-11-12 11:05:13,415 [INFO] PluginManager:220 - loadIPPluginJar : add linkedlist
2025-11-12 11:05:13,419 [INFO] IPUIPlugin:80 - create IPUIPlugin
2025-11-12 11:05:13,419 [INFO] PluginManager:220 - loadIPPluginJar : add lorawan
2025-11-12 11:05:13,422 [INFO] IPUIPlugin:80 - create IPUIPlugin
2025-11-12 11:05:13,423 [INFO] PluginManager:220 - loadIPPluginJar : add ltdc
2025-11-12 11:05:13,430 [INFO] IPUIPlugin:80 - create IPUIPlugin
2025-11-12 11:05:13,430 [INFO] PluginManager:220 - loadIPPluginJar : add mdma
2025-11-12 11:05:13,436 [INFO] IPUIPlugin:80 - create IPUIPlugin
2025-11-12 11:05:13,436 [INFO] PluginManager:220 - loadIPPluginJar : add nvic
2025-11-12 11:05:13,441 [INFO] IPUIPlugin:80 - create IPUIPlugin
2025-11-12 11:05:13,441 [INFO] PluginManager:220 - loadIPPluginJar : add opamp
2025-11-12 11:05:13,446 [INFO] IPUIPlugin:80 - create IPUIPlugin
2025-11-12 11:05:13,446 [INFO] PluginManager:220 - loadIPPluginJar : add openamp
2025-11-12 11:05:13,451 [INFO] IPUIPlugin:80 - create IPUIPlugin
2025-11-12 11:05:13,451 [INFO] PluginManager:220 - loadIPPluginJar : add pdm2pcm
2025-11-12 11:05:13,460 [INFO] IPUIPlugin:80 - create IPUIPlugin
2025-11-12 11:05:13,463 [INFO] PluginManager:220 - loadIPPluginJar : add plateformsettings
2025-11-12 11:05:13,466 [INFO] IPUIPlugin:80 - create IPUIPlugin
2025-11-12 11:05:13,466 [INFO] PluginManager:220 - loadIPPluginJar : add quadspi
2025-11-12 11:05:13,470 [INFO] IPUIPlugin:80 - create IPUIPlugin
2025-11-12 11:05:13,471 [INFO] PluginManager:220 - loadIPPluginJar : add radio
2025-11-12 11:05:13,477 [INFO] IPUIPlugin:80 - create IPUIPlugin
2025-11-12 11:05:13,477 [INFO] PluginManager:220 - loadIPPluginJar : add resmgrutility
2025-11-12 11:05:13,482 [INFO] IPUIPlugin:80 - create IPUIPlugin
2025-11-12 11:05:13,482 [INFO] PluginManager:220 - loadIPPluginJar : add sai
2025-11-12 11:05:13,487 [INFO] IPUIPlugin:80 - create IPUIPlugin
2025-11-12 11:05:13,487 [INFO] PluginManager:220 - loadIPPluginJar : add spi
2025-11-12 11:05:13,494 [INFO] IPUIPlugin:80 - create IPUIPlugin
2025-11-12 11:05:13,495 [INFO] PluginManager:220 - loadIPPluginJar : add stm32_wpan
2025-11-12 11:05:13,498 [INFO] IPUIPlugin:80 - create IPUIPlugin
2025-11-12 11:05:13,498 [INFO] PluginManager:220 - loadIPPluginJar : add tim
2025-11-12 11:05:13,504 [INFO] IPUIPlugin:80 - create IPUIPlugin
2025-11-12 11:05:13,504 [INFO] PluginManager:220 - loadIPPluginJar : add touchsensing
2025-11-12 11:05:13,508 [INFO] IPUIPlugin:80 - create IPUIPlugin
2025-11-12 11:05:13,508 [INFO] PluginManager:220 - loadIPPluginJar : add tracer_emb
2025-11-12 11:05:13,512 [INFO] IPUIPlugin:80 - create IPUIPlugin
2025-11-12 11:05:13,512 [INFO] PluginManager:220 - loadIPPluginJar : add ts
2025-11-12 11:05:13,515 [INFO] IPUIPlugin:80 - create IPUIPlugin
2025-11-12 11:05:13,515 [INFO] PluginManager:220 - loadIPPluginJar : add tsc
2025-11-12 11:05:13,519 [INFO] IPUIPlugin:80 - create IPUIPlugin
2025-11-12 11:05:13,519 [INFO] PluginManager:220 - loadIPPluginJar : add ucpd
2025-11-12 11:05:13,523 [INFO] IPUIPlugin:80 - create IPUIPlugin
2025-11-12 11:05:13,523 [INFO] PluginManager:220 - loadIPPluginJar : add usart
2025-11-12 11:05:13,528 [INFO] IPUIPlugin:80 - create IPUIPlugin
2025-11-12 11:05:13,528 [INFO] PluginManager:220 - loadIPPluginJar : add usbx
2025-11-12 11:05:13,689 [FATAL] Updater:351 - Updater called before beeing initialized
2025-11-12 11:05:13,725 [INFO] RulesReader:64 - Compatibility file has been processed (317 Rules)
2025-11-12 11:05:13,741 [INFO] RulesReader:64 - Compatibility file has been processed (317 Rules)
2025-11-12 11:05:13,750 [INFO] CADModel:165 - CPN selected for project level
2025-11-12 11:05:13,750 [INFO] CADModel:114 - Register for checkConnection events
2025-11-12 11:05:13,750 [FATAL] Updater:351 - Updater called before beeing initialized
2025-11-12 11:05:13,751 [ERROR] CADModel:125 - Updater not yet initialized, retry later 
2025-11-12 11:05:13,917 [FATAL] Updater:351 - Updater called before beeing initialized
2025-11-12 11:05:13,919 [INFO] CADModel:165 - CPN selected for project level
2025-11-12 11:05:13,920 [INFO] CADModel:114 - Register for checkConnection events
2025-11-12 11:05:13,920 [FATAL] Updater:351 - Updater called before beeing initialized
2025-11-12 11:05:13,920 [ERROR] CADModel:125 - Updater not yet initialized, retry later 
2025-11-12 11:05:13,923 [FATAL] Updater:351 - Updater called before beeing initialized
2025-11-12 11:05:14,079 [FATAL] Updater:351 - Updater called before beeing initialized
2025-11-12 11:05:14,085 [INFO] DbMcusAds:53 - JSON generation date=Thu Oct 02 11:36:05 CEST 2025 (1759397765645)
2025-11-12 11:05:14,086 [FATAL] Updater:351 - Updater called before beeing initialized
2025-11-12 11:05:14,141 [WARN] DetailPanel:346 - Failed to get advertising image, set to default
2025-11-12 11:05:14,269 [FATAL] Updater:351 - Updater called before beeing initialized
2025-11-12 11:05:14,271 [FATAL] Updater:351 - Updater called before beeing initialized
2025-11-12 11:05:14,271 [FATAL] Updater:351 - Updater called before beeing initialized
2025-11-12 11:05:14,271 [WARN] DetailPanel:346 - Failed to get advertising image, set to default
2025-11-12 11:05:14,273 [FATAL] Updater:351 - Updater called before beeing initialized
2025-11-12 11:05:14,342 [ERROR] Updater:1198 - MainUpdater not yet initialized. External WinMGr cannot be set.
2025-11-12 11:05:14,344 [INFO] Updater:1134 - Updater Version found : 6.15.0
2025-11-12 11:05:14,366 [INFO] ApplicationProperties:184 - Using Application install path: C:\appz\ST\STM32CubeIDE_1.10.1\STM32CubeIDE\plugins\com.st.stm32cube.common.mx_6.15.0.202507011659
2025-11-12 11:05:14,823 [INFO] MainUpdater:2872 - connection check result : 10
2025-11-12 11:05:14,824 [INFO] MainUpdater:3604 - Updater definition file requires update
2025-11-12 11:05:14,825 [INFO] MainUpdater:289 - Updater Check For Update Now.
2025-11-12 11:05:14,825 [INFO] MicroXplorer:498 - Change Database Version : DB.6.0.150
2025-11-12 11:05:14,832 [INFO] McuFinderGlobals:63 - Set McuFinder mode to 2 (CubeIDE integrated)
2025-11-12 11:05:14,833 [INFO] UserAuth:171 - activating auth plugin
2025-11-12 11:05:14,836 [INFO] UserAuth:487 - Internet connection configuration mode: 1
2025-11-12 11:05:14,860 [INFO] JxBrowserEngine:152 - Initiate JxBrowser Engine with user profile folder
2025-11-12 11:05:14,879 [INFO] ServerAccessManage:452 - Complete download http(s) 200
2025-11-12 11:05:14,880 [INFO] ServerAccessManage:509 - Download File updaters.zip
2025-11-12 11:05:15,223 [INFO] FileExtend:248 - Unzip File : updaters.zip
2025-11-12 11:05:15,224 [INFO] FileExtend:263 - Standard Zip Deflate
2025-11-12 11:05:15,540 [WARN] MainUpdater:1193 - Updater busy. Cannot search thirdparties
2025-11-12 11:05:15,540 [INFO] ThirdPartyUpdaterWithRetryManager:96 - Updater plugin is busy. [1/15]
2025-11-12 11:05:16,222 [INFO] ServerAccessManage:452 - Complete download http(s) 200
2025-11-12 11:05:16,223 [INFO] ServerAccessManage:509 - Download File PacksControlFlags.xml
2025-11-12 11:05:16,348 [INFO] ServerAccessManage:452 - Complete download http(s) 200
2025-11-12 11:05:16,348 [INFO] ServerAccessManage:509 - Download File cubemx.pidx
2025-11-12 11:05:16,735 [INFO] WebApp:169 - Instantiating new browser for Auth
2025-11-12 11:05:18,507 [INFO] WebApp:463 - Apply proxy settings
2025-11-12 11:05:18,508 [INFO] WebApp:548 - Chromium requires no authentication
2025-11-12 11:05:18,522 [INFO] WebApp:491 - Direct internet connection detected
2025-11-12 11:05:18,531 [WARN] MainUpdater:1193 - Updater busy. Cannot search thirdparties
2025-11-12 11:05:18,531 [INFO] ThirdPartyUpdaterWithRetryManager:96 - Updater plugin is busy. [2/15]
2025-11-12 11:05:18,567 [INFO] WebApp:900 - Register for checkConnection events
2025-11-12 11:05:18,568 [INFO] WebApp:463 - Apply proxy settings
2025-11-12 11:05:18,568 [INFO] WebApp:548 - Chromium requires no authentication
2025-11-12 11:05:18,568 [INFO] WebApp:491 - Direct internet connection detected
2025-11-12 11:05:18,878 [INFO] WebApp:225 - Starting web application
2025-11-12 11:05:18,879 [INFO] WebApp:593 - Web application path used C:\appz\ST\STM32CubeIDE_1.10.1\STM32CubeIDE\plugins\com.st.stm32cube.common.mx_6.15.0.202507011659\db\plugins\mcufinder\reactClient1\index.html
2025-11-12 11:05:19,310 [INFO] ServerAccessManage:452 - Complete download http(s) 200
2025-11-12 11:05:19,311 [INFO] ServerAccessManage:509 - Download File Avnet-IOTCONNECT.X-CUBE-iotc-st67-sdk.pdsc
2025-11-12 11:05:19,493 [INFO] WebApp:191 - Connection restablished
2025-11-12 11:05:19,522 [INFO] PopulateThirdPartyThread:66 - Ending populate Thread
2025-11-12 11:05:19,523 [INFO] ThirdParty:1030 - CMSIS Pack Vendor :Avnet-IOTCONNECT X-CUBE-iotc-st67-sdk 1.0.0
2025-11-12 11:05:19,523 [INFO] LoadServerUpdatesThread:375 - End of LoadServerUpdate Thread
2025-11-12 11:05:19,904 [INFO] CheckServerUpdateThread:120 - End of CheckServer Thread
2025-11-12 11:05:21,869 [WARN] PackLoader:240 - Cannot read IP mode file for STMicroelectronics.FP-SNS-MOTENVWB1.1.4.0
2025-11-12 11:05:21,880 [WARN] PackLoader:240 - Cannot read IP mode file for STMicroelectronics.FP-ATR-ASTRA1.2.0.2
2025-11-12 11:05:21,890 [WARN] PackLoader:240 - Cannot read IP mode file for STMicroelectronics.X-CUBE-SMBUS.2.1.0
2025-11-12 11:05:21,896 [WARN] PackLoader:240 - Cannot read IP mode file for STMicroelectronics.X-CUBE-ST60.1.0.0
2025-11-12 11:05:21,925 [WARN] PackLoader:240 - Cannot read IP mode file for STMicroelectronics.X-CUBE-AZRTOS-F7.1.1.0
2025-11-12 11:05:21,936 [WARN] PackLoader:240 - Cannot read IP mode file for Cesanta.I-CUBE-Mongoose.7.19.0
2025-11-12 11:05:21,944 [WARN] PackLoader:240 - Cannot read IP mode file for STMicroelectronics.FP-SNS-MOTENV1.5.1.0
2025-11-12 11:05:21,967 [WARN] PackLoader:240 - Cannot read IP mode file for WES.I-CUBE-Cesium.1.4.0
2025-11-12 11:05:22,009 [WARN] PackLoader:240 - Cannot read IP mode file for Infineon.AIROC-Wi-Fi-Bluetooth-STM32.1.7.1
2025-11-12 11:05:22,056 [WARN] PackLoader:240 - Cannot read IP mode file for STMicroelectronics.X-CUBE-AZRTOS-H7.3.4.0
2025-11-12 11:05:22,083 [WARN] PackLoader:240 - Cannot read IP mode file for STMicroelectronics.X-CUBE-DISPLAY.3.0.0
2025-11-12 11:05:22,099 [WARN] PackLoader:240 - Cannot read IP mode file for STMicroelectronics.X-CUBE-NFC10.1.0.0
2025-11-12 11:05:22,120 [WARN] PackLoader:240 - Cannot read IP mode file for STMicroelectronics.X-CUBE-ST60.1.1.0
2025-11-12 11:05:22,131 [WARN] PackLoader:240 - Cannot read IP mode file for emotas.I-CUBE-CANOPEN.1.3.0
2025-11-12 11:05:22,139 [WARN] PackLoader:240 - Cannot read IP mode file for STMicroelectronics.X-CUBE-GNSS1.7.1.0
2025-11-12 11:05:22,151 [WARN] PackLoader:240 - Cannot read IP mode file for STMicroelectronics.FP-SNS-STBOX1.2.1.0
2025-11-12 11:05:22,161 [WARN] PackLoader:240 - Cannot read IP mode file for STMicroelectronics.FP-SNS-SMARTAG2.1.2.0
2025-11-12 11:05:22,170 [WARN] PackLoader:240 - Cannot read IP mode file for STMicroelectronics.FP-SNS-FLIGHT1.5.1.0
2025-11-12 11:05:22,183 [INFO] LogOutputStream:77 - [STDOUT_REDIRECT] 1 : Invalid condition id : UX_CORESTACK_Condition cause : null
2025-11-12 11:05:22,184 [INFO] LogOutputStream:77 - [STDOUT_REDIRECT] 1 : Invalid condition id : UX_CORESTACK_Condition cause : null
2025-11-12 11:05:22,185 [INFO] LogOutputStream:77 - [STDOUT_REDIRECT] 1 : Invalid condition id : UX_CORESTACK_Condition cause : null
2025-11-12 11:05:22,189 [INFO] LogOutputStream:77 - [STDOUT_REDIRECT] 1 : Invalid condition id : UX_CORESTACK_Condition cause : null
2025-11-12 11:05:22,191 [INFO] LogOutputStream:77 - [STDOUT_REDIRECT] 1 : Invalid condition id : UX_CORESTACK_Condition cause : null
2025-11-12 11:05:22,194 [WARN] PackLoader:240 - Cannot read IP mode file for STMicroelectronics.X-CUBE-AZRTOS-WL.2.0.0
2025-11-12 11:05:22,201 [WARN] PackLoader:240 - Cannot read IP mode file for STMicroelectronics.FP-SNS-MOTENV1.5.0.0
2025-11-12 11:05:22,214 [WARN] PackLoader:240 - Cannot read IP mode file for STMicroelectronics.X-CUBE-BLE2.3.3.0
2025-11-12 11:05:22,238 [WARN] PackLoader:240 - Cannot read IP mode file for STMicroelectronics.X-CUBE-NFC9.1.0.0
2025-11-12 11:05:22,250 [WARN] PackLoader:240 - Cannot read IP mode file for wolfSSL.I-CUBE-wolfSSL.5.8.2
2025-11-12 11:05:22,261 [WARN] PackLoader:240 - Cannot read IP mode file for STMicroelectronics.X-CUBE-BLE1.7.1.0
2025-11-12 11:05:22,267 [WARN] PackLoader:240 - Cannot read IP mode file for wolfSSL.I-CUBE-wolfMQTT.1.19.2
2025-11-12 11:05:22,276 [WARN] PackLoader:240 - Cannot read IP mode file for STMicroelectronics.X-CUBE-EEPRMA1.5.2.0
2025-11-12 11:05:22,285 [WARN] PackLoader:240 - Cannot read IP mode file for STMicroelectronics.X-CUBE-ST67W61.1.1.0
2025-11-12 11:05:22,303 [WARN] PackLoader:240 - Cannot read IP mode file for STMicroelectronics.X-CUBE-AZRTOS-G0.1.1.0
2025-11-12 11:05:22,316 [WARN] PackLoader:240 - Cannot read IP mode file for STMicroelectronics.X-CUBE-SAFEA1.1.2.2
2025-11-12 11:05:22,327 [WARN] PackLoader:240 - Cannot read IP mode file for STMicroelectronics.X-CUBE-NFC4.3.0.0
2025-11-12 11:05:22,340 [WARN] PackLoader:240 - Cannot read IP mode file for EmbeddedOffice.I-CUBE-FS-RTOS.1.0.1
2025-11-12 11:05:22,350 [WARN] PackLoader:240 - Cannot read IP mode file for STMicroelectronics.X-CUBE-WB05N.2.0.0
2025-11-12 11:05:22,369 [WARN] PackLoader:240 - Cannot read IP mode file for wolfSSL.I-CUBE-wolfTPM.3.8.0
2025-11-12 11:05:22,378 [WARN] PackLoader:240 - Cannot read IP mode file for STMicroelectronics.X-CUBE-TCPP.4.2.0
2025-11-12 11:05:22,392 [WARN] PackLoader:240 - Cannot read IP mode file for RealThread.X-CUBE-RT-Thread_Nano.4.1.1
2025-11-12 11:05:22,399 [WARN] PackLoader:240 - Cannot read IP mode file for STMicroelectronics.FP-ATR-SIGFOX1.3.2.0
2025-11-12 11:05:22,408 [WARN] PackLoader:240 - Cannot read IP mode file for ITTIA_DB.I-CUBE-ITTIADB.8.9.0
2025-11-12 11:05:22,414 [WARN] PackLoader:240 - Cannot read IP mode file for STMicroelectronics.X-CUBE-ST67W61.1.0.0
2025-11-12 11:05:22,421 [WARN] PackLoader:240 - Cannot read IP mode file for STMicroelectronics.X-CUBE-AI.10.2.0
2025-11-12 11:05:22,453 [WARN] PackLoader:240 - Cannot read IP mode file for SEGGER.I-CUBE-embOS.1.3.1
2025-11-12 11:05:22,514 [WARN] PackLoader:240 - Cannot read IP mode file for STMicroelectronics.X-CUBE-ALGOBUILD.1.4.0
2025-11-12 11:05:22,567 [WARN] PackLoader:240 - Cannot read IP mode file for STMicroelectronics.X-CUBE-MEMS1.11.3.0
2025-11-12 11:05:22,700 [WARN] PackLoader:240 - Cannot read IP mode file for STMicroelectronics.X-CUBE-PM33A1.1.0.0
2025-11-12 11:05:22,729 [WARN] PackLoader:240 - Cannot read IP mode file for STMicroelectronics.X-CUBE-AZRTOS-F4.1.1.0
2025-11-12 11:05:22,737 [WARN] PackLoader:240 - Cannot read IP mode file for Avnet-IotConnect.X-CUBE-IoTC-DA16k-PMOD.1.0.0
2025-11-12 11:05:22,742 [WARN] PackLoader:240 - Cannot read IP mode file for STMicroelectronics.X-CUBE-ISPU.2.1.0
2025-11-12 11:05:22,760 [WARN] PackLoader:240 - Cannot read IP mode file for STMicroelectronics.X-CUBE-IPS.3.2.0
2025-11-12 11:05:22,778 [WARN] PackLoader:240 - Cannot read IP mode file for STMicroelectronics.X-CUBE-NFC12.1.0.0
2025-11-12 11:05:22,797 [WARN] PackLoader:240 - Cannot read IP mode file for STMicroelectronics.X-CUBE-AZRTOS-L5.2.0.0
2025-11-12 11:05:22,813 [WARN] PackLoader:240 - Cannot read IP mode file for STMicroelectronics.X-CUBE-NFC6.3.1.0
2025-11-12 11:05:22,825 [WARN] PackLoader:240 - Cannot read IP mode file for STMicroelectronics.X-CUBE-FREERTOS.1.3.1
2025-11-12 11:05:22,832 [WARN] PackLoader:240 - Cannot read IP mode file for STMicroelectronics.X-CUBE-TOUCHGFX.4.26.0
2025-11-12 11:05:22,840 [WARN] PackLoader:240 - Cannot read IP mode file for STMicroelectronics.FP-SNS-STAIOTCFT.1.0.0
2025-11-12 11:05:22,848 [WARN] PackLoader:240 - Cannot read IP mode file for STMicroelectronics.X-CUBE-DPower.1.3.0
2025-11-12 11:05:22,925 [WARN] ConditionMgr:438 - getConditionDescription Invalid condition id : LAN8742 Phy interface Condition cause : null
2025-11-12 11:05:22,926 [WARN] PackLoader:240 - Cannot read IP mode file for STMicroelectronics.X-CUBE-AZRTOS-L4.2.0.0
2025-11-12 11:05:22,928 [WARN] ConditionMgr:1044 - genDependencies : Invalid condition id : LAN8742 Phy interface Condition cause : null
2025-11-12 11:05:22,928 [WARN] ConditionMgr:1044 - genDependencies : Invalid condition id : LAN8742 Phy interface Condition cause : null
2025-11-12 11:05:22,929 [WARN] ConditionMgr:1044 - genDependencies : Invalid condition id : LAN8742 Phy interface Condition cause : null
2025-11-12 11:05:22,965 [WARN] PackLoader:240 - Cannot read IP mode file for STMicroelectronics.X-CUBE-SFXS2LP1.4.0.0
2025-11-12 11:05:23,040 [WARN] PackLoader:240 - Cannot read IP mode file for STMicroelectronics.X-CUBE-BLEMGR.4.1.0
2025-11-12 11:05:23,191 [WARN] ConditionMgr:438 - getConditionDescription Invalid condition id : UX DEVICE CLASS RTOS Condition cause : null
2025-11-12 11:05:23,191 [WARN] ConditionMgr:438 - getConditionDescription Invalid condition id : UX DEVICE CLASS RTOS Condition cause : null
2025-11-12 11:05:23,193 [WARN] PackLoader:240 - Cannot read IP mode file for STMicroelectronics.X-CUBE-AZRTOS-WB.2.0.0
2025-11-12 11:05:23,194 [WARN] ConditionMgr:1044 - genDependencies : Invalid condition id : UX DEVICE CLASS RTOS Condition cause : null
2025-11-12 11:05:23,194 [WARN] ConditionMgr:1044 - genDependencies : Invalid condition id : UX DEVICE CLASS RTOS Condition cause : null
2025-11-12 11:05:23,195 [WARN] ConditionMgr:1044 - genDependencies : Invalid condition id : UX DEVICE CLASS RTOS Condition cause : null
2025-11-12 11:05:23,195 [WARN] ConditionMgr:1044 - genDependencies : Invalid condition id : UX DEVICE CLASS RTOS Condition cause : null
2025-11-12 11:05:23,195 [WARN] ConditionMgr:1044 - genDependencies : Invalid condition id : UX DEVICE CLASS RTOS Condition cause : null
2025-11-12 11:05:23,202 [WARN] PackLoader:240 - Cannot read IP mode file for STMicroelectronics.X-CUBE-GNSS1.7.0.1
2025-11-12 11:05:23,207 [WARN] PackLoader:240 - Cannot read IP mode file for STMicroelectronics.X-CUBE-TOUCHGFX.4.25.0
2025-11-12 11:05:23,212 [WARN] ConditionMgr:438 - getConditionDescription Invalid condition id : Cortex-A Device cause : null
2025-11-12 11:05:23,221 [WARN] ConditionMgr:1044 - genDependencies : Invalid condition id : Cortex-A Device cause : null
2025-11-12 11:05:23,221 [WARN] ConditionMgr:1044 - genDependencies : Invalid condition id : Cortex-A Device cause : null
2025-11-12 11:05:23,221 [WARN] ConditionMgr:1044 - genDependencies : Invalid condition id : Cortex-A Device cause : null
2025-11-12 11:05:23,234 [WARN] PackLoader:240 - Cannot read IP mode file for STMicroelectronics.X-CUBE-SUBG2.5.0.0
2025-11-12 11:05:23,257 [WARN] PackLoader:240 - Cannot read IP mode file for STMicroelectronics.X-CUBE-AZRTOS-H7RS.1.1.0
2025-11-12 11:05:23,274 [WARN] PackLoader:240 - Cannot read IP mode file for STMicroelectronics.X-CUBE-AZRTOS-G4.2.0.0
2025-11-12 11:05:23,281 [WARN] PackLoader:240 - Cannot read IP mode file for wolfSSL.I-CUBE-wolfSSH.1.4.20
2025-11-12 11:05:23,290 [WARN] PackLoader:240 - Cannot read IP mode file for STMicroelectronics.X-CUBE-NFC7.2.0.0
2025-11-12 11:05:23,304 [WARN] PackLoader:240 - Cannot read IP mode file for STMicroelectronics.X-CUBE-IPS.3.1.0
2025-11-12 11:05:23,317 [WARN] PackLoader:240 - Cannot read IP mode file for STMicroelectronics.X-CUBE-ALS.1.0.2
2025-11-12 11:05:23,325 [WARN] PackLoader:240 - Cannot read IP mode file for STMicroelectronics.X-CUBE-STSE01.1.0.0
2025-11-12 11:05:23,339 [WARN] PackLoader:240 - Cannot read IP mode file for STMicroelectronics.X-CUBE-TOF1.3.4.3
2025-11-12 11:05:23,354 [INFO] ThirdParty:978 - Integrity check success = true
2025-11-12 11:05:23,354 [INFO] IntegrityCheckThread:100 - exiting critical section [integrity check]
2025-11-12 11:05:23,354 [INFO] IntegrityCheckThread:103 - End integrity checks thread
2025-11-12 11:06:14,558 [ERROR] LogOutputStream:75 - [STDERR_REDIRECT] 
