2025-09-24 12:00:35,840 [INFO] Activator:176 - 


2025-09-24 12:00:35,842 [INFO] Activator:177 - !SESSION log4j initialized
2025-09-24 12:00:38,864 [INFO] LogOutputStream:77 - [STDOUT_REDIRECT] 
2025-09-24 12:00:41,209 [INFO] ApplicationProperties:184 - Using Application install path: C:\appz\ST\STM32CubeIDE_1.10.1\STM32CubeIDE\plugins\com.st.stm32cube.common.mx_6.15.0.202507011659
2025-09-24 12:00:41,226 [INFO] DbMcusXml:78 - Set database path to: C:\appz\ST\STM32CubeIDE_1.10.1\STM32CubeIDE\plugins\com.st.stm32cube.common.mx_6.15.0.202507011659\\db\/mcu/
2025-09-24 12:00:41,226 [INFO] ApiDb:274 - Set plugin database path to: C:\appz\ST\STM32CubeIDE_1.10.1\STM32CubeIDE\plugins\com.st.stm32cube.common.mx_6.15.0.202507011659\\db\/plugins/boardmanager/
2025-09-24 12:00:41,227 [WARN] ApiDb:259 - Overriding images path with different value:  => C:\appz\ST\STM32CubeIDE_1.10.1\STM32CubeIDE\plugins\com.st.stm32cube.common.mx_6.15.0.202507011659\\db\/plugins/mcufinder/images/
2025-09-24 12:00:41,233 [INFO] ApiDb:250 - Set database path to: C:\Users\xondre13\.stmcufinder\plugins\mcufinder//mcu/
2025-09-24 12:00:41,234 [INFO] DbMcusAds:125 - Set database path to: C:\Users\xondre13\.stmcufinder\plugins\mcufinder//mcu/
2025-09-24 12:00:41,237 [INFO] CrossReferenceDbSqlite:203 - Set database path to: C:\Users\xondre13\.stmcufinder\plugins\mcufinder//mcu/cs/
2025-09-24 12:00:41,372 [INFO] RulesReader:64 - Compatibility file has been processed (317 Rules)
2025-09-24 12:00:41,477 [INFO] DbMcusXml:78 - Set database path to: C:\appz\ST\STM32CubeIDE_1.10.1\STM32CubeIDE\plugins\com.st.stm32cube.common.mx_6.15.0.202507011659\\db\/mcu/
2025-09-24 12:00:41,478 [INFO] ApiDb:274 - Set plugin database path to: C:\appz\ST\STM32CubeIDE_1.10.1\STM32CubeIDE\plugins\com.st.stm32cube.common.mx_6.15.0.202507011659\\db\/plugins/boardmanager/
2025-09-24 12:00:41,478 [INFO] ApiDb:261 - Set plugin images path to: C:\appz\ST\STM32CubeIDE_1.10.1\STM32CubeIDE\plugins\com.st.stm32cube.common.mx_6.15.0.202507011659\\db\/plugins/mcufinder/images/
2025-09-24 12:00:41,478 [WARN] DbFile:41 - Overriding database path with different value: C:\Users\xondre13\.stmcufinder\plugins\mcufinder/ => C:\Users\xondre13\.stmcufinder\plugins\mcufinder
2025-09-24 12:00:41,479 [INFO] ApiDb:250 - Set database path to: C:\Users\xondre13\.stmcufinder\plugins\mcufinder//mcu/
2025-09-24 12:00:41,479 [WARN] DbFile:41 - Overriding database path with different value: C:\Users\xondre13\.stmcufinder\plugins\mcufinder/ => C:\Users\xondre13\.stmcufinder\plugins\mcufinder
2025-09-24 12:00:41,479 [INFO] DbMcusAds:125 - Set database path to: C:\Users\xondre13\.stmcufinder\plugins\mcufinder//mcu/
2025-09-24 12:00:41,479 [WARN] DbFile:41 - Overriding database path with different value: C:\Users\xondre13\.stmcufinder\plugins\mcufinder/ => C:\Users\xondre13\.stmcufinder\plugins\mcufinder
2025-09-24 12:00:41,479 [WARN] DbFile:41 - Overriding database path with different value: C:\Users\xondre13\.stmcufinder\plugins\mcufinder/ => C:\Users\xondre13\.stmcufinder\plugins\mcufinder
2025-09-24 12:00:41,479 [INFO] CrossReferenceDbSqlite:203 - Set database path to: C:\Users\xondre13\.stmcufinder\plugins\mcufinder//mcu/cs/
2025-09-24 12:00:41,586 [INFO] MainPanel:274 - HeapMemory: 268435456
2025-09-24 12:00:41,708 [INFO] DbMcusXml:78 - Set database path to: C:\appz\ST\STM32CubeIDE_1.10.1\STM32CubeIDE\plugins\com.st.stm32cube.common.mx_6.15.0.202507011659\\db\/mcu/
2025-09-24 12:00:41,708 [INFO] ApiDb:274 - Set plugin database path to: C:\appz\ST\STM32CubeIDE_1.10.1\STM32CubeIDE\plugins\com.st.stm32cube.common.mx_6.15.0.202507011659\\db\/plugins/boardmanager/
2025-09-24 12:00:41,708 [INFO] ApiDb:261 - Set plugin images path to: C:\appz\ST\STM32CubeIDE_1.10.1\STM32CubeIDE\plugins\com.st.stm32cube.common.mx_6.15.0.202507011659\\db\/plugins/mcufinder/images/
2025-09-24 12:00:41,709 [WARN] DbFile:41 - Overriding database path with different value: C:\Users\xondre13\.stmcufinder\plugins\mcufinder/ => C:\Users\xondre13\.stmcufinder\plugins\mcufinder
2025-09-24 12:00:41,709 [INFO] ApiDb:250 - Set database path to: C:\Users\xondre13\.stmcufinder\plugins\mcufinder//mcu/
2025-09-24 12:00:41,709 [WARN] DbFile:41 - Overriding database path with different value: C:\Users\xondre13\.stmcufinder\plugins\mcufinder/ => C:\Users\xondre13\.stmcufinder\plugins\mcufinder
2025-09-24 12:00:41,709 [INFO] DbMcusAds:125 - Set database path to: C:\Users\xondre13\.stmcufinder\plugins\mcufinder//mcu/
2025-09-24 12:00:41,709 [WARN] DbFile:41 - Overriding database path with different value: C:\Users\xondre13\.stmcufinder\plugins\mcufinder/ => C:\Users\xondre13\.stmcufinder\plugins\mcufinder
2025-09-24 12:00:41,709 [WARN] DbFile:41 - Overriding database path with different value: C:\Users\xondre13\.stmcufinder\plugins\mcufinder/ => C:\Users\xondre13\.stmcufinder\plugins\mcufinder
2025-09-24 12:00:41,709 [INFO] CrossReferenceDbSqlite:203 - Set database path to: C:\Users\xondre13\.stmcufinder\plugins\mcufinder//mcu/cs/
2025-09-24 12:00:41,731 [INFO] ApplicationProperties:184 - Using Application install path: C:\appz\ST\STM32CubeIDE_1.10.1\STM32CubeIDE\plugins\com.st.stm32cube.common.mx_6.15.0.202507011659
2025-09-24 12:00:41,733 [INFO] PluginManage:196 - Search for loadable plugins [exclusion list=, ]
2025-09-24 12:00:41,734 [INFO] PluginManage:310 - Check plugin analytics
2025-09-24 12:00:41,923 [INFO] AnalyticsPlugin:253 - Accepted Software Licenses: 
2025-09-24 12:00:41,923 [INFO] AnalyticsPlugin:255 - Accepted CMSIS Pack Licenses: 
2025-09-24 12:00:41,923 [INFO] AnalyticsPlugin:257 - Accepted Firmware Licenses: 
2025-09-24 12:00:41,928 [INFO] PluginManage:359 - Loaded plugin analytics (category:tool,tabindex:-1)
2025-09-24 12:00:41,928 [INFO] PluginManage:310 - Check plugin cadmodel
2025-09-24 12:00:41,933 [INFO] CADModel:105 - Init CAD model plugin
2025-09-24 12:00:41,934 [INFO] PluginManage:359 - Loaded plugin cadmodel (category:power,tabindex:5)
2025-09-24 12:00:41,934 [INFO] PluginManage:310 - Check plugin clock
2025-09-24 12:00:41,945 [INFO] PluginManage:359 - Loaded plugin clock (category:base,tabindex:2)
2025-09-24 12:00:41,945 [INFO] PluginManage:310 - Check plugin ddr
2025-09-24 12:00:41,949 [INFO] PluginManage:359 - Loaded plugin ddr (category:tool,tabindex:6)
2025-09-24 12:00:41,949 [INFO] PluginManage:310 - Check plugin filemanager
2025-09-24 12:00:42,155 [INFO] PluginManage:359 - Loaded plugin filemanager (category:base,tabindex:10)
2025-09-24 12:00:42,156 [INFO] PluginManage:310 - Check plugin ipmanager
2025-09-24 12:00:42,165 [INFO] PluginManage:359 - Loaded plugin ipmanager (category:base,tabindex:5)
2025-09-24 12:00:42,165 [INFO] PluginManage:310 - Check plugin lpbam
2025-09-24 12:00:42,192 [INFO] PluginManage:359 - Loaded plugin lpbam (category:base,tabindex:0)
2025-09-24 12:00:42,193 [INFO] PluginManage:310 - Check plugin memorymap
2025-09-24 12:00:42,212 [INFO] PluginManage:359 - Loaded plugin memorymap (category:base,tabindex:4)
2025-09-24 12:00:42,212 [INFO] PluginManage:310 - Check plugin pinoutandconfiguration
2025-09-24 12:00:42,223 [INFO] PluginManage:359 - Loaded plugin pinoutandconfiguration (category:base,tabindex:1)
2025-09-24 12:00:42,223 [INFO] PluginManage:310 - Check plugin pinoutconfig
2025-09-24 12:00:42,319 [WARN] SupportedApi:132 - Cannot load RTOS API schema: s4s-elt-must-match.1: The content of 'definitions' must match (annotation?, (simpleType | complexType)?, (unique | key | keyref)*)). A problem was found starting at: attribute.
2025-09-24 12:00:42,467 [INFO] PluginManage:359 - Loaded plugin pinoutconfig (category:base,tabindex:0)
2025-09-24 12:00:42,467 [INFO] PluginManage:310 - Check plugin power
2025-09-24 12:00:42,478 [INFO] PluginManage:359 - Loaded plugin power (category:power,tabindex:4)
2025-09-24 12:00:42,478 [INFO] PluginManage:310 - Check plugin projectmanager
2025-09-24 12:00:42,496 [INFO] PluginManage:359 - Loaded plugin projectmanager (category:projectmanager,tabindex:4)
2025-09-24 12:00:42,496 [INFO] PluginManage:310 - Check plugin rif
2025-09-24 12:00:42,508 [INFO] PluginManage:359 - Loaded plugin rif (category:base,tabindex:3)
2025-09-24 12:00:42,508 [INFO] PluginManage:310 - Check plugin thirdparty
2025-09-24 12:00:42,668 [INFO] PluginManage:359 - Loaded plugin thirdparty (category:base,tabindex:-1)
2025-09-24 12:00:42,668 [INFO] PluginManage:310 - Check plugin tools
2025-09-24 12:00:42,668 [WARN] IntegrityCheckThread:84 - waiting for thirdparty lock release [integrity check]
2025-09-24 12:00:42,669 [INFO] IntegrityCheckThread:86 - entering critical section [integrity check]
2025-09-24 12:00:42,669 [INFO] ThirdPartyUpdaterWithRetryManager:70 - Updater plugin not ready yet. [1/15]
2025-09-24 12:00:42,672 [INFO] PluginManage:359 - Loaded plugin tools (category:base,tabindex:7)
2025-09-24 12:00:42,673 [INFO] PluginManage:310 - Check plugin tutovideos
2025-09-24 12:00:42,891 [INFO] PluginManage:359 - Loaded plugin tutovideos (category:base,tabindex:-1)
2025-09-24 12:00:42,891 [INFO] PluginManage:310 - Check plugin updater
2025-09-24 12:00:42,913 [INFO] PluginManage:359 - Loaded plugin updater (category:base,tabindex:12)
2025-09-24 12:00:42,914 [INFO] PluginManage:310 - Check plugin userauth
2025-09-24 12:00:42,917 [INFO] UserAuth:118 - Init User Auth plugin
2025-09-24 12:00:42,918 [INFO] PluginManage:359 - Loaded plugin userauth (category:base,tabindex:14)
2025-09-24 12:00:42,919 [INFO] PluginManage:283 - PluginManage : Loaded plugins [18]
2025-09-24 12:00:43,161 [INFO] PinOutPanel:1589 - setPackage(No Configuration,No Configuration)
2025-09-24 12:00:43,275 [INFO] CADModel:165 - CPN selected for project level
2025-09-24 12:00:43,275 [INFO] CADModel:114 - Register for checkConnection events
2025-09-24 12:00:43,292 [INFO] IPUIPlugin:80 - create IPUIPlugin
2025-09-24 12:00:43,292 [INFO] PluginManager:220 - loadIPPluginJar : add adc
2025-09-24 12:00:43,296 [INFO] IPUIPlugin:80 - create IPUIPlugin
2025-09-24 12:00:43,296 [INFO] PluginManager:220 - loadIPPluginJar : add aes
2025-09-24 12:00:43,300 [INFO] IPUIPlugin:80 - create IPUIPlugin
2025-09-24 12:00:43,300 [INFO] PluginManager:220 - loadIPPluginJar : add can
2025-09-24 12:00:43,303 [INFO] IPUIPlugin:80 - create IPUIPlugin
2025-09-24 12:00:43,304 [INFO] PluginManager:220 - loadIPPluginJar : add comp
2025-09-24 12:00:43,308 [INFO] IPUIPlugin:80 - create IPUIPlugin
2025-09-24 12:00:43,308 [INFO] PluginManager:220 - loadIPPluginJar : add cryp
2025-09-24 12:00:43,311 [INFO] IPUIPlugin:80 - create IPUIPlugin
2025-09-24 12:00:43,312 [INFO] PluginManager:220 - loadIPPluginJar : add ddr_ctrl_phy
2025-09-24 12:00:43,315 [INFO] IPUIPlugin:80 - create IPUIPlugin
2025-09-24 12:00:43,316 [INFO] PluginManager:220 - loadIPPluginJar : add dfsdm
2025-09-24 12:00:43,322 [INFO] IPUIPlugin:80 - create IPUIPlugin
2025-09-24 12:00:43,323 [INFO] PluginManager:220 - loadIPPluginJar : add dma
2025-09-24 12:00:43,327 [INFO] IPUIPlugin:80 - create IPUIPlugin
2025-09-24 12:00:43,327 [INFO] PluginManager:220 - loadIPPluginJar : add dma3
2025-09-24 12:00:43,331 [INFO] IPUIPlugin:80 - create IPUIPlugin
2025-09-24 12:00:43,331 [INFO] PluginManager:220 - loadIPPluginJar : add extmemmanager
2025-09-24 12:00:43,334 [INFO] IPUIPlugin:80 - create IPUIPlugin
2025-09-24 12:00:43,334 [INFO] PluginManager:220 - loadIPPluginJar : add fatfs
2025-09-24 12:00:43,340 [INFO] IPUIPlugin:80 - create IPUIPlugin
2025-09-24 12:00:43,340 [INFO] PluginManager:220 - loadIPPluginJar : add fmc
2025-09-24 12:00:43,346 [INFO] IPUIPlugin:80 - create IPUIPlugin
2025-09-24 12:00:43,346 [INFO] PluginManager:220 - loadIPPluginJar : add freertos
2025-09-24 12:00:43,348 [INFO] IPUIPlugin:80 - create IPUIPlugin
2025-09-24 12:00:43,348 [INFO] PluginManager:220 - loadIPPluginJar : add genericplugin
2025-09-24 12:00:43,352 [INFO] IPUIPlugin:80 - create IPUIPlugin
2025-09-24 12:00:43,352 [INFO] PluginManager:220 - loadIPPluginJar : add gfxmmu
2025-09-24 12:00:43,359 [INFO] IPUIPlugin:80 - create IPUIPlugin
2025-09-24 12:00:43,359 [INFO] PluginManager:220 - loadIPPluginJar : add gic
2025-09-24 12:00:43,365 [INFO] IPUIPlugin:80 - create IPUIPlugin
2025-09-24 12:00:43,365 [INFO] PluginManager:220 - loadIPPluginJar : add gpio
2025-09-24 12:00:43,370 [INFO] IPUIPlugin:80 - create IPUIPlugin
2025-09-24 12:00:43,371 [INFO] PluginManager:220 - loadIPPluginJar : add gtzc
2025-09-24 12:00:43,376 [INFO] IPUIPlugin:80 - create IPUIPlugin
2025-09-24 12:00:43,376 [INFO] PluginManager:220 - loadIPPluginJar : add hash
2025-09-24 12:00:43,380 [INFO] IPUIPlugin:80 - create IPUIPlugin
2025-09-24 12:00:43,380 [INFO] PluginManager:220 - loadIPPluginJar : add i2c
2025-09-24 12:00:43,384 [INFO] IPUIPlugin:80 - create IPUIPlugin
2025-09-24 12:00:43,384 [INFO] PluginManager:220 - loadIPPluginJar : add i2s
2025-09-24 12:00:43,391 [INFO] IPUIPlugin:80 - create IPUIPlugin
2025-09-24 12:00:43,391 [INFO] PluginManager:220 - loadIPPluginJar : add i3c
2025-09-24 12:00:43,396 [INFO] IPUIPlugin:80 - create IPUIPlugin
2025-09-24 12:00:43,396 [INFO] PluginManager:220 - loadIPPluginJar : add ipddr
2025-09-24 12:00:43,403 [INFO] IPUIPlugin:80 - create IPUIPlugin
2025-09-24 12:00:43,404 [INFO] PluginManager:220 - loadIPPluginJar : add linkedlist
2025-09-24 12:00:43,409 [INFO] IPUIPlugin:80 - create IPUIPlugin
2025-09-24 12:00:43,409 [INFO] PluginManager:220 - loadIPPluginJar : add lorawan
2025-09-24 12:00:43,412 [INFO] IPUIPlugin:80 - create IPUIPlugin
2025-09-24 12:00:43,412 [INFO] PluginManager:220 - loadIPPluginJar : add ltdc
2025-09-24 12:00:43,418 [INFO] IPUIPlugin:80 - create IPUIPlugin
2025-09-24 12:00:43,418 [INFO] PluginManager:220 - loadIPPluginJar : add mdma
2025-09-24 12:00:43,424 [INFO] IPUIPlugin:80 - create IPUIPlugin
2025-09-24 12:00:43,425 [INFO] PluginManager:220 - loadIPPluginJar : add nvic
2025-09-24 12:00:43,429 [INFO] IPUIPlugin:80 - create IPUIPlugin
2025-09-24 12:00:43,429 [INFO] PluginManager:220 - loadIPPluginJar : add opamp
2025-09-24 12:00:43,434 [INFO] IPUIPlugin:80 - create IPUIPlugin
2025-09-24 12:00:43,434 [INFO] PluginManager:220 - loadIPPluginJar : add openamp
2025-09-24 12:00:43,440 [INFO] IPUIPlugin:80 - create IPUIPlugin
2025-09-24 12:00:43,440 [INFO] PluginManager:220 - loadIPPluginJar : add pdm2pcm
2025-09-24 12:00:43,447 [INFO] IPUIPlugin:80 - create IPUIPlugin
2025-09-24 12:00:43,449 [INFO] PluginManager:220 - loadIPPluginJar : add plateformsettings
2025-09-24 12:00:43,452 [INFO] IPUIPlugin:80 - create IPUIPlugin
2025-09-24 12:00:43,452 [INFO] PluginManager:220 - loadIPPluginJar : add quadspi
2025-09-24 12:00:43,457 [INFO] IPUIPlugin:80 - create IPUIPlugin
2025-09-24 12:00:43,458 [INFO] PluginManager:220 - loadIPPluginJar : add radio
2025-09-24 12:00:43,462 [INFO] IPUIPlugin:80 - create IPUIPlugin
2025-09-24 12:00:43,463 [INFO] PluginManager:220 - loadIPPluginJar : add resmgrutility
2025-09-24 12:00:43,467 [INFO] IPUIPlugin:80 - create IPUIPlugin
2025-09-24 12:00:43,467 [INFO] PluginManager:220 - loadIPPluginJar : add sai
2025-09-24 12:00:43,474 [INFO] IPUIPlugin:80 - create IPUIPlugin
2025-09-24 12:00:43,474 [INFO] PluginManager:220 - loadIPPluginJar : add spi
2025-09-24 12:00:43,482 [INFO] IPUIPlugin:80 - create IPUIPlugin
2025-09-24 12:00:43,482 [INFO] PluginManager:220 - loadIPPluginJar : add stm32_wpan
2025-09-24 12:00:43,485 [INFO] IPUIPlugin:80 - create IPUIPlugin
2025-09-24 12:00:43,486 [INFO] PluginManager:220 - loadIPPluginJar : add tim
2025-09-24 12:00:43,492 [INFO] IPUIPlugin:80 - create IPUIPlugin
2025-09-24 12:00:43,492 [INFO] PluginManager:220 - loadIPPluginJar : add touchsensing
2025-09-24 12:00:43,495 [INFO] IPUIPlugin:80 - create IPUIPlugin
2025-09-24 12:00:43,496 [INFO] PluginManager:220 - loadIPPluginJar : add tracer_emb
2025-09-24 12:00:43,499 [INFO] IPUIPlugin:80 - create IPUIPlugin
2025-09-24 12:00:43,499 [INFO] PluginManager:220 - loadIPPluginJar : add ts
2025-09-24 12:00:43,502 [INFO] IPUIPlugin:80 - create IPUIPlugin
2025-09-24 12:00:43,502 [INFO] PluginManager:220 - loadIPPluginJar : add tsc
2025-09-24 12:00:43,508 [INFO] IPUIPlugin:80 - create IPUIPlugin
2025-09-24 12:00:43,508 [INFO] PluginManager:220 - loadIPPluginJar : add ucpd
2025-09-24 12:00:43,512 [INFO] IPUIPlugin:80 - create IPUIPlugin
2025-09-24 12:00:43,512 [INFO] PluginManager:220 - loadIPPluginJar : add usart
2025-09-24 12:00:43,516 [INFO] IPUIPlugin:80 - create IPUIPlugin
2025-09-24 12:00:43,516 [INFO] PluginManager:220 - loadIPPluginJar : add usbx
2025-09-24 12:00:43,651 [FATAL] Updater:351 - Updater called before beeing initialized
2025-09-24 12:00:43,683 [INFO] RulesReader:64 - Compatibility file has been processed (317 Rules)
2025-09-24 12:00:43,700 [INFO] RulesReader:64 - Compatibility file has been processed (317 Rules)
2025-09-24 12:00:43,709 [INFO] CADModel:165 - CPN selected for project level
2025-09-24 12:00:43,710 [INFO] CADModel:114 - Register for checkConnection events
2025-09-24 12:00:43,710 [FATAL] Updater:351 - Updater called before beeing initialized
2025-09-24 12:00:43,710 [ERROR] CADModel:125 - Updater not yet initialized, retry later 
2025-09-24 12:00:43,856 [FATAL] Updater:351 - Updater called before beeing initialized
2025-09-24 12:00:43,857 [INFO] CADModel:165 - CPN selected for project level
2025-09-24 12:00:43,857 [INFO] CADModel:114 - Register for checkConnection events
2025-09-24 12:00:43,858 [FATAL] Updater:351 - Updater called before beeing initialized
2025-09-24 12:00:43,858 [ERROR] CADModel:125 - Updater not yet initialized, retry later 
2025-09-24 12:00:43,861 [FATAL] Updater:351 - Updater called before beeing initialized
2025-09-24 12:00:43,994 [FATAL] Updater:351 - Updater called before beeing initialized
2025-09-24 12:00:43,999 [INFO] DbMcusAds:53 - JSON generation date=Tue Jul 08 10:14:23 CEST 2025 (1751962463524)
2025-09-24 12:00:44,000 [FATAL] Updater:351 - Updater called before beeing initialized
2025-09-24 12:00:44,046 [WARN] DetailPanel:346 - Failed to get advertising image, set to default
2025-09-24 12:00:44,167 [FATAL] Updater:351 - Updater called before beeing initialized
2025-09-24 12:00:44,169 [FATAL] Updater:351 - Updater called before beeing initialized
2025-09-24 12:00:44,169 [FATAL] Updater:351 - Updater called before beeing initialized
2025-09-24 12:00:44,169 [WARN] DetailPanel:346 - Failed to get advertising image, set to default
2025-09-24 12:00:44,171 [FATAL] Updater:351 - Updater called before beeing initialized
2025-09-24 12:00:44,231 [ERROR] Updater:1198 - MainUpdater not yet initialized. External WinMGr cannot be set.
2025-09-24 12:00:44,234 [INFO] Updater:1134 - Updater Version found : 6.15.0
2025-09-24 12:00:44,248 [INFO] ApplicationProperties:184 - Using Application install path: C:\appz\ST\STM32CubeIDE_1.10.1\STM32CubeIDE\plugins\com.st.stm32cube.common.mx_6.15.0.202507011659
2025-09-24 12:00:44,509 [INFO] MainUpdater:2872 - connection check result : 10
2025-09-24 12:00:44,510 [INFO] MainUpdater:289 - Updater Check For Update Now.
2025-09-24 12:00:44,510 [INFO] MicroXplorer:498 - Change Database Version : DB.6.0.150
2025-09-24 12:00:44,528 [INFO] McuFinderGlobals:63 - Set McuFinder mode to 2 (CubeIDE integrated)
2025-09-24 12:00:44,529 [INFO] UserAuth:171 - activating auth plugin
2025-09-24 12:00:44,533 [INFO] UserAuth:487 - Internet connection configuration mode: 1
2025-09-24 12:00:44,551 [INFO] JxBrowserEngine:152 - Initiate JxBrowser Engine with user profile folder
2025-09-24 12:00:44,738 [INFO] CheckServerUpdateThread:120 - End of CheckServer Thread
2025-09-24 12:00:45,239 [INFO] WebApp:169 - Instantiating new browser for Auth
2025-09-24 12:00:46,101 [WARN] PackLoader:240 - Cannot read IP mode file for STMicroelectronics.FP-SNS-MOTENVWB1.1.4.0
2025-09-24 12:00:46,140 [WARN] PackLoader:240 - Cannot read IP mode file for STMicroelectronics.FP-ATR-ASTRA1.2.0.2
2025-09-24 12:00:46,156 [WARN] PackLoader:240 - Cannot read IP mode file for STMicroelectronics.X-CUBE-SMBUS.2.1.0
2025-09-24 12:00:46,169 [WARN] PackLoader:240 - Cannot read IP mode file for STMicroelectronics.X-CUBE-ST60.1.0.0
2025-09-24 12:00:46,217 [WARN] PackLoader:240 - Cannot read IP mode file for STMicroelectronics.X-CUBE-AZRTOS-F7.1.1.0
2025-09-24 12:00:46,239 [WARN] PackLoader:240 - Cannot read IP mode file for Cesanta.I-CUBE-Mongoose.7.19.0
2025-09-24 12:00:46,286 [WARN] PackLoader:240 - Cannot read IP mode file for WES.I-CUBE-Cesium.1.4.0
2025-09-24 12:00:46,324 [WARN] PackLoader:240 - Cannot read IP mode file for Infineon.AIROC-Wi-Fi-Bluetooth-STM32.1.7.1
2025-09-24 12:00:46,403 [WARN] PackLoader:240 - Cannot read IP mode file for STMicroelectronics.X-CUBE-AZRTOS-H7.3.4.0
2025-09-24 12:00:46,423 [WARN] PackLoader:240 - Cannot read IP mode file for STMicroelectronics.X-CUBE-DISPLAY.3.0.0
2025-09-24 12:00:46,497 [WARN] PackLoader:240 - Cannot read IP mode file for STMicroelectronics.X-CUBE-NFC10.1.0.0
2025-09-24 12:00:46,534 [WARN] PackLoader:240 - Cannot read IP mode file for emotas.I-CUBE-CANOPEN.1.3.0
2025-09-24 12:00:46,545 [WARN] PackLoader:240 - Cannot read IP mode file for STMicroelectronics.FP-SNS-STBOX1.2.1.0
2025-09-24 12:00:46,555 [WARN] PackLoader:240 - Cannot read IP mode file for STMicroelectronics.FP-SNS-SMARTAG2.1.2.0
2025-09-24 12:00:46,583 [WARN] PackLoader:240 - Cannot read IP mode file for STMicroelectronics.FP-SNS-FLIGHT1.5.1.0
2025-09-24 12:00:46,592 [INFO] WebApp:463 - Apply proxy settings
2025-09-24 12:00:46,593 [INFO] WebApp:548 - Chromium requires no authentication
2025-09-24 12:00:46,602 [INFO] WebApp:491 - Direct internet connection detected
2025-09-24 12:00:46,605 [INFO] LogOutputStream:77 - [STDOUT_REDIRECT] 1 : Invalid condition id : UX_CORESTACK_Condition cause : null
2025-09-24 12:00:46,606 [INFO] LogOutputStream:77 - [STDOUT_REDIRECT] 1 : Invalid condition id : UX_CORESTACK_Condition cause : null
2025-09-24 12:00:46,608 [INFO] LogOutputStream:77 - [STDOUT_REDIRECT] 1 : Invalid condition id : UX_CORESTACK_Condition cause : null
2025-09-24 12:00:46,611 [INFO] LogOutputStream:77 - [STDOUT_REDIRECT] 1 : Invalid condition id : UX_CORESTACK_Condition cause : null
2025-09-24 12:00:46,613 [INFO] LogOutputStream:77 - [STDOUT_REDIRECT] 1 : Invalid condition id : UX_CORESTACK_Condition cause : null
2025-09-24 12:00:46,616 [WARN] PackLoader:240 - Cannot read IP mode file for STMicroelectronics.X-CUBE-AZRTOS-WL.2.0.0
2025-09-24 12:00:46,634 [WARN] PackLoader:240 - Cannot read IP mode file for STMicroelectronics.FP-SNS-MOTENV1.5.0.0
2025-09-24 12:00:46,645 [INFO] WebApp:900 - Register for checkConnection events
2025-09-24 12:00:46,645 [INFO] WebApp:463 - Apply proxy settings
2025-09-24 12:00:46,646 [INFO] WebApp:548 - Chromium requires no authentication
2025-09-24 12:00:46,646 [INFO] WebApp:491 - Direct internet connection detected
2025-09-24 12:00:46,656 [WARN] PackLoader:240 - Cannot read IP mode file for STMicroelectronics.X-CUBE-BLE2.3.3.0
2025-09-24 12:00:46,685 [WARN] PackLoader:240 - Cannot read IP mode file for STMicroelectronics.X-CUBE-NFC9.1.0.0
2025-09-24 12:00:46,698 [WARN] PackLoader:240 - Cannot read IP mode file for wolfSSL.I-CUBE-wolfSSL.5.8.2
2025-09-24 12:00:46,709 [WARN] PackLoader:240 - Cannot read IP mode file for STMicroelectronics.X-CUBE-BLE1.7.1.0
2025-09-24 12:00:46,726 [WARN] PackLoader:240 - Cannot read IP mode file for wolfSSL.I-CUBE-wolfMQTT.1.19.2
2025-09-24 12:00:46,736 [WARN] PackLoader:240 - Cannot read IP mode file for STMicroelectronics.X-CUBE-EEPRMA1.5.2.0
2025-09-24 12:00:46,754 [WARN] PackLoader:240 - Cannot read IP mode file for STMicroelectronics.X-CUBE-AZRTOS-G0.1.1.0
2025-09-24 12:00:46,767 [WARN] PackLoader:240 - Cannot read IP mode file for STMicroelectronics.X-CUBE-SAFEA1.1.2.2
2025-09-24 12:00:46,777 [WARN] PackLoader:240 - Cannot read IP mode file for STMicroelectronics.X-CUBE-NFC4.3.0.0
2025-09-24 12:00:46,795 [WARN] PackLoader:240 - Cannot read IP mode file for EmbeddedOffice.I-CUBE-FS-RTOS.1.0.1
2025-09-24 12:00:46,806 [WARN] PackLoader:240 - Cannot read IP mode file for STMicroelectronics.X-CUBE-WB05N.2.0.0
2025-09-24 12:00:46,817 [WARN] PackLoader:240 - Cannot read IP mode file for wolfSSL.I-CUBE-wolfTPM.3.8.0
2025-09-24 12:00:46,824 [WARN] PackLoader:240 - Cannot read IP mode file for STMicroelectronics.X-CUBE-TCPP.4.2.0
2025-09-24 12:00:46,833 [WARN] PackLoader:240 - Cannot read IP mode file for RealThread.X-CUBE-RT-Thread_Nano.4.1.1
2025-09-24 12:00:46,844 [WARN] PackLoader:240 - Cannot read IP mode file for STMicroelectronics.FP-ATR-SIGFOX1.3.2.0
2025-09-24 12:00:46,857 [WARN] PackLoader:240 - Cannot read IP mode file for ITTIA_DB.I-CUBE-ITTIADB.8.9.0
2025-09-24 12:00:46,890 [WARN] PackLoader:240 - Cannot read IP mode file for STMicroelectronics.X-CUBE-ST67W61.1.0.0
2025-09-24 12:00:46,913 [WARN] PackLoader:240 - Cannot read IP mode file for STMicroelectronics.X-CUBE-AI.10.2.0
2025-09-24 12:00:46,939 [INFO] WebApp:225 - Starting web application
2025-09-24 12:00:46,940 [INFO] WebApp:593 - Web application path used C:\appz\ST\STM32CubeIDE_1.10.1\STM32CubeIDE\plugins\com.st.stm32cube.common.mx_6.15.0.202507011659\db\plugins\mcufinder\reactClient1\index.html
2025-09-24 12:00:46,950 [WARN] PackLoader:240 - Cannot read IP mode file for SEGGER.I-CUBE-embOS.1.3.1
2025-09-24 12:00:47,014 [WARN] PackLoader:240 - Cannot read IP mode file for STMicroelectronics.X-CUBE-ALGOBUILD.1.4.0
2025-09-24 12:00:47,115 [WARN] PackLoader:240 - Cannot read IP mode file for STMicroelectronics.X-CUBE-MEMS1.11.3.0
2025-09-24 12:00:47,363 [WARN] PackLoader:240 - Cannot read IP mode file for STMicroelectronics.X-CUBE-PM33A1.1.0.0
2025-09-24 12:00:47,463 [WARN] PackLoader:240 - Cannot read IP mode file for STMicroelectronics.X-CUBE-AZRTOS-F4.1.1.0
2025-09-24 12:00:47,538 [WARN] PackLoader:240 - Cannot read IP mode file for Avnet-IotConnect.X-CUBE-IoTC-DA16k-PMOD.1.0.0
2025-09-24 12:00:47,554 [WARN] PackLoader:240 - Cannot read IP mode file for STMicroelectronics.X-CUBE-ISPU.2.1.0
2025-09-24 12:00:47,567 [WARN] PackLoader:240 - Cannot read IP mode file for STMicroelectronics.X-CUBE-NFC12.1.0.0
2025-09-24 12:00:47,601 [WARN] PackLoader:240 - Cannot read IP mode file for STMicroelectronics.X-CUBE-AZRTOS-L5.2.0.0
2025-09-24 12:00:47,620 [WARN] PackLoader:240 - Cannot read IP mode file for STMicroelectronics.X-CUBE-NFC6.3.1.0
2025-09-24 12:00:47,635 [WARN] PackLoader:240 - Cannot read IP mode file for STMicroelectronics.X-CUBE-FREERTOS.1.3.1
2025-09-24 12:00:47,682 [WARN] PackLoader:240 - Cannot read IP mode file for STMicroelectronics.FP-SNS-STAIOTCFT.1.0.0
2025-09-24 12:00:47,701 [WARN] PackLoader:240 - Cannot read IP mode file for STMicroelectronics.X-CUBE-DPower.1.3.0
2025-09-24 12:00:47,730 [WARN] ConditionMgr:438 - getConditionDescription Invalid condition id : LAN8742 Phy interface Condition cause : null
2025-09-24 12:00:47,731 [WARN] PackLoader:240 - Cannot read IP mode file for STMicroelectronics.X-CUBE-AZRTOS-L4.2.0.0
2025-09-24 12:00:47,733 [WARN] ConditionMgr:1044 - genDependencies : Invalid condition id : LAN8742 Phy interface Condition cause : null
2025-09-24 12:00:47,733 [WARN] ConditionMgr:1044 - genDependencies : Invalid condition id : LAN8742 Phy interface Condition cause : null
2025-09-24 12:00:47,733 [WARN] ConditionMgr:1044 - genDependencies : Invalid condition id : LAN8742 Phy interface Condition cause : null
2025-09-24 12:00:47,752 [WARN] PackLoader:240 - Cannot read IP mode file for STMicroelectronics.X-CUBE-SFXS2LP1.4.0.0
2025-09-24 12:00:47,773 [WARN] PackLoader:240 - Cannot read IP mode file for STMicroelectronics.X-CUBE-BLEMGR.4.1.0
2025-09-24 12:00:47,802 [WARN] ConditionMgr:438 - getConditionDescription Invalid condition id : UX DEVICE CLASS RTOS Condition cause : null
2025-09-24 12:00:47,802 [WARN] ConditionMgr:438 - getConditionDescription Invalid condition id : UX DEVICE CLASS RTOS Condition cause : null
2025-09-24 12:00:47,810 [WARN] PackLoader:240 - Cannot read IP mode file for STMicroelectronics.X-CUBE-AZRTOS-WB.2.0.0
2025-09-24 12:00:47,810 [WARN] ConditionMgr:1044 - genDependencies : Invalid condition id : UX DEVICE CLASS RTOS Condition cause : null
2025-09-24 12:00:47,811 [WARN] ConditionMgr:1044 - genDependencies : Invalid condition id : UX DEVICE CLASS RTOS Condition cause : null
2025-09-24 12:00:47,811 [WARN] ConditionMgr:1044 - genDependencies : Invalid condition id : UX DEVICE CLASS RTOS Condition cause : null
2025-09-24 12:00:47,811 [WARN] ConditionMgr:1044 - genDependencies : Invalid condition id : UX DEVICE CLASS RTOS Condition cause : null
2025-09-24 12:00:47,811 [WARN] ConditionMgr:1044 - genDependencies : Invalid condition id : UX DEVICE CLASS RTOS Condition cause : null
2025-09-24 12:00:47,820 [WARN] PackLoader:240 - Cannot read IP mode file for STMicroelectronics.X-CUBE-GNSS1.7.0.1
2025-09-24 12:00:47,832 [WARN] PackLoader:240 - Cannot read IP mode file for STMicroelectronics.X-CUBE-TOUCHGFX.4.25.0
2025-09-24 12:00:47,867 [WARN] ConditionMgr:438 - getConditionDescription Invalid condition id : Cortex-A Device cause : null
2025-09-24 12:00:47,885 [WARN] ConditionMgr:1044 - genDependencies : Invalid condition id : Cortex-A Device cause : null
2025-09-24 12:00:47,885 [WARN] ConditionMgr:1044 - genDependencies : Invalid condition id : Cortex-A Device cause : null
2025-09-24 12:00:47,886 [WARN] ConditionMgr:1044 - genDependencies : Invalid condition id : Cortex-A Device cause : null
2025-09-24 12:00:47,902 [WARN] PackLoader:240 - Cannot read IP mode file for STMicroelectronics.X-CUBE-SUBG2.5.0.0
2025-09-24 12:00:47,941 [INFO] WebApp:191 - Connection restablished
2025-09-24 12:00:47,979 [WARN] PackLoader:240 - Cannot read IP mode file for STMicroelectronics.X-CUBE-AZRTOS-H7RS.1.1.0
2025-09-24 12:00:48,047 [WARN] PackLoader:240 - Cannot read IP mode file for STMicroelectronics.X-CUBE-AZRTOS-G4.2.0.0
2025-09-24 12:00:48,065 [WARN] PackLoader:240 - Cannot read IP mode file for wolfSSL.I-CUBE-wolfSSH.1.4.20
2025-09-24 12:00:48,108 [WARN] PackLoader:240 - Cannot read IP mode file for STMicroelectronics.X-CUBE-NFC7.2.0.0
2025-09-24 12:00:48,132 [WARN] PackLoader:240 - Cannot read IP mode file for STMicroelectronics.X-CUBE-IPS.3.1.0
2025-09-24 12:00:48,145 [WARN] PackLoader:240 - Cannot read IP mode file for STMicroelectronics.X-CUBE-ALS.1.0.2
2025-09-24 12:00:48,155 [WARN] PackLoader:240 - Cannot read IP mode file for STMicroelectronics.X-CUBE-STSE01.1.0.0
2025-09-24 12:00:48,181 [WARN] PackLoader:240 - Cannot read IP mode file for STMicroelectronics.X-CUBE-TOF1.3.4.3
2025-09-24 12:00:48,191 [INFO] ThirdParty:978 - Integrity check success = true
2025-09-24 12:00:48,191 [INFO] IntegrityCheckThread:100 - exiting critical section [integrity check]
2025-09-24 12:00:48,191 [INFO] IntegrityCheckThread:103 - End integrity checks thread
